<?xml version="1.0" encoding="UTF-8"?>
<!-- Generated by org.testng.reporters.JUnitXMLReporter -->
<testsuite ignored="0" hostname="Murali-PC" failures="1" tests="4" name="ChromeTest" time="13.861" errors="0" timestamp="2024-12-03T23:40:36 IST">
  <testcase classname="testCases.BaseClass" name="SetUp" time="2.458"/>
  <testcase classname="testCases.TCC_002_CreatingLeadTestCase" name="Login" time="6.159"/>
  <testcase classname="testCases.TCC_002_CreatingLeadTestCase" name="Collectbot" time="2.744">
    <failure type="java.lang.AssertionError" message="expected [5894476750] but found [3883743419]">
      <![CDATA[java.lang.AssertionError: expected [5894476750] but found [3883743419]
at testCases.TCC_002_CreatingLeadTestCase.Collectbot(TCC_002_CreatingLeadTestCase.java:96)
at java.base/java.util.ArrayList.forEach(ArrayList.java:1597)
... Removed 31 stack frames]]>
    </failure>
  </testcase> <!-- Collectbot -->
  <testcase classname="testCases.TCC_002_CreatingLeadTestCase" name="Logout" time="2.45"/>
</testsuite> <!-- ChromeTest -->
