<?xml version="1.0" encoding="UTF-8"?>
<!-- Generated by org.testng.reporters.JUnitXMLReporter -->
<testsuite ignored="2" hostname="Murali-PC" failures="1" tests="8" name="ChromeTest" time="73.656" errors="0" timestamp="2024-12-01T12:48:10 IST">
  <testcase classname="testCases.BaseClass" name="SetUp" time="2.175"/>
  <testcase classname="testCases.TCC_002_CreatingLeadTestCase" name="CreatingLead" time="31.403"/>
  <testcase classname="testCases.TCC_002_CreatingLeadTestCase" name="validation" time="23.929"/>
  <testcase classname="testCases.TCC_002_CreatingLeadTestCase" name="AddSpoc" time="3.422">
    <failure type="java.lang.AssertionError" message="null">
      <![CDATA[java.lang.AssertionError: null
at testCases.TCC_002_CreatingLeadTestCase.AddSpoc(TCC_002_CreatingLeadTestCase.java:143)
at java.base/java.util.ArrayList.forEach(ArrayList.java:1597)
... Removed 27 stack frames]]>
    </failure>
  </testcase> <!-- AddSpoc -->
  <testcase classname="testCases.TCC_002_CreatingLeadTestCase" name="addRequirement" time="2.889"/>
  <testcase classname="testCases.TCC_002_CreatingLeadTestCase" name="UploadFile" time="2.872"/>
  <testcase classname="testCases.TCC_002_CreatingLeadTestCase" name="Logout" time="4.969"/>
  <testcase classname="testCases.BaseClass" name="SetUp" time="1.902"/>
  <testcase classname="testCases.TCC_004_RNCApprovalTestCase" name="Approval" time="0.0">
    <ignored/>
  </testcase> <!-- Approval -->
  <testcase classname="testCases.TCC_004_RNCApprovalTestCase" name="Login" time="0.0">
    <ignored/>
  </testcase> <!-- Login -->
</testsuite> <!-- ChromeTest -->
