<?xml version="1.0" encoding="UTF-8"?>
<!-- Generated by org.testng.reporters.JUnitXMLReporter -->
<testsuite ignored="0" hostname="Murali-PC" failures="14" tests="14" name="Test" time="3.008" errors="0" timestamp="2024-12-03T00:08:32 IST">
  <testcase classname="testCases.BaseClass" name="SetUp" time="0.0">
    <failure type="org.testng.TestNGException" message="
Parameter &amp;apos;OS&amp;apos; is required by @Test on method SetUp but has not been marked @Optional or defined
in C:\Users\K Murali\eclipse-workspace\Core\testng.xml">
      <![CDATA[org.testng.TestNGException: 
Parameter 'OS' is required by @Test on method SetUp but has not been marked @Optional or defined
in C:\Users\K Murali\eclipse-workspace\Core\testng.xml
at java.base/java.util.ArrayList.forEach(ArrayList.java:1597)
... Removed 26 stack frames]]>
    </failure>
  </testcase> <!-- SetUp -->
  <testcase classname="testCases.TCC_001_Login" name="Login" time="0.0">
    <failure type="org.testng.TestNGException" message="
Cannot inject @Test annotated Method [Login] with [interface org.openqa.selenium.WebDriver].
For more information on native dependency injection please refer to https://testng.org/doc/documentation-main.html#native-dependency-injection">
      <![CDATA[org.testng.TestNGException: 
Cannot inject @Test annotated Method [Login] with [interface org.openqa.selenium.WebDriver].
For more information on native dependency injection please refer to https://testng.org/doc/documentation-main.html#native-dependency-injection
at java.base/java.util.ArrayList.forEach(ArrayList.java:1597)
... Removed 26 stack frames]]>
    </failure>
  </testcase> <!-- Login -->
  <testcase classname="testCases.BaseClass" name="SetUp" time="0.0">
    <failure type="org.testng.TestNGException" message="
Parameter &amp;apos;OS&amp;apos; is required by @Test on method SetUp but has not been marked @Optional or defined
in C:\Users\K Murali\eclipse-workspace\Core\testng.xml">
      <![CDATA[org.testng.TestNGException: 
Parameter 'OS' is required by @Test on method SetUp but has not been marked @Optional or defined
in C:\Users\K Murali\eclipse-workspace\Core\testng.xml
at java.base/java.util.ArrayList.forEach(ArrayList.java:1597)
... Removed 26 stack frames]]>
    </failure>
  </testcase> <!-- SetUp -->
  <testcase classname="testCases.BaseClass" name="SetUp" time="0.0">
    <failure type="org.testng.TestNGException" message="
Parameter &amp;apos;OS&amp;apos; is required by @Test on method SetUp but has not been marked @Optional or defined
in C:\Users\K Murali\eclipse-workspace\Core\testng.xml">
      <![CDATA[org.testng.TestNGException: 
Parameter 'OS' is required by @Test on method SetUp but has not been marked @Optional or defined
in C:\Users\K Murali\eclipse-workspace\Core\testng.xml
at java.base/java.util.ArrayList.forEach(ArrayList.java:1597)
... Removed 26 stack frames]]>
    </failure>
  </testcase> <!-- SetUp -->
  <testcase classname="testCases.TCC_004_RNCApprovalTestCase" name="Login" time="0.031">
    <failure type="java.lang.NullPointerException" message="Cannot invoke &amp;quot;org.openqa.selenium.SearchContext.findElement(org.openqa.selenium.By)&amp;quot; because &amp;quot;this.searchContext&amp;quot; is null">
      <![CDATA[java.lang.NullPointerException: Cannot invoke "org.openqa.selenium.SearchContext.findElement(org.openqa.selenium.By)" because "this.searchContext" is null
at org.openqa.selenium.support.pagefactory.DefaultElementLocator.findElement(DefaultElementLocator.java:68)
at org.openqa.selenium.support.pagefactory.internal.LocatingElementHandler.invoke(LocatingElementHandler.java:38)
at jdk.proxy2/jdk.proxy2.$Proxy11.sendKeys(Unknown Source)
at pageObject.LoginPage.userEmail(LoginPage.java:36)
at testCases.TCC_004_RNCApprovalTestCase.Login(TCC_004_RNCApprovalTestCase.java:14)
at java.base/java.util.ArrayList.forEach(ArrayList.java:1597)
... Removed 25 stack frames]]>
    </failure>
  </testcase> <!-- Login -->
  <testcase classname="testCases.TCC_004_RNCApprovalTestCase" name="Approval" time="0.005">
    <failure type="java.lang.NullPointerException" message="Cannot invoke &amp;quot;org.openqa.selenium.SearchContext.findElement(org.openqa.selenium.By)&amp;quot; because &amp;quot;this.searchContext&amp;quot; is null">
      <![CDATA[java.lang.NullPointerException: Cannot invoke "org.openqa.selenium.SearchContext.findElement(org.openqa.selenium.By)" because "this.searchContext" is null
at org.openqa.selenium.support.pagefactory.DefaultElementLocator.findElement(DefaultElementLocator.java:68)
at org.openqa.selenium.support.pagefactory.internal.LocatingElementHandler.invoke(LocatingElementHandler.java:38)
at jdk.proxy2/jdk.proxy2.$Proxy11.click(Unknown Source)
at pageObject.RNCApproval.nineDot(RNCApproval.java:74)
at testCases.TCC_004_RNCApprovalTestCase.Approval(TCC_004_RNCApprovalTestCase.java:26)
at java.base/java.util.ArrayList.forEach(ArrayList.java:1597)
... Removed 25 stack frames]]>
    </failure>
  </testcase> <!-- Approval -->
  <testcase classname="testCases.TCC_004_RNCApprovalTestCase" name="logout" time="0.002">
    <failure type="java.lang.NullPointerException" message="Cannot invoke &amp;quot;org.openqa.selenium.SearchContext.findElement(org.openqa.selenium.By)&amp;quot; because &amp;quot;this.searchContext&amp;quot; is null">
      <![CDATA[java.lang.NullPointerException: Cannot invoke "org.openqa.selenium.SearchContext.findElement(org.openqa.selenium.By)" because "this.searchContext" is null
at org.openqa.selenium.support.pagefactory.DefaultElementLocator.findElement(DefaultElementLocator.java:68)
at org.openqa.selenium.support.pagefactory.internal.LocatingElementHandler.invoke(LocatingElementHandler.java:38)
at jdk.proxy2/jdk.proxy2.$Proxy11.click(Unknown Source)
at pageObject.RNCApproval.ClickonProfile(RNCApproval.java:138)
at testCases.TCC_004_RNCApprovalTestCase.logout(TCC_004_RNCApprovalTestCase.java:45)
at java.base/java.util.ArrayList.forEach(ArrayList.java:1597)
... Removed 25 stack frames]]>
    </failure>
  </testcase> <!-- logout -->
  <testcase classname="testCases.BaseClass" name="SetUp" time="0.0">
    <failure type="org.testng.TestNGException" message="
Parameter &amp;apos;OS&amp;apos; is required by @Test on method SetUp but has not been marked @Optional or defined
in C:\Users\K Murali\eclipse-workspace\Core\testng.xml">
      <![CDATA[org.testng.TestNGException: 
Parameter 'OS' is required by @Test on method SetUp but has not been marked @Optional or defined
in C:\Users\K Murali\eclipse-workspace\Core\testng.xml
at java.base/java.util.ArrayList.forEach(ArrayList.java:1597)
... Removed 26 stack frames]]>
    </failure>
  </testcase> <!-- SetUp -->
  <testcase classname="testCases.TCC_002_CreatingLeadTestCase" name="CreatingLead" time="0.856">
    <failure type="java.lang.AssertionError" message="null">
      <![CDATA[java.lang.AssertionError: null
at testCases.TCC_002_CreatingLeadTestCase.CreatingLead(TCC_002_CreatingLeadTestCase.java:89)
at java.base/java.util.ArrayList.forEach(ArrayList.java:1597)
... Removed 27 stack frames]]>
    </failure>
  </testcase> <!-- CreatingLead -->
  <testcase classname="testCases.TCC_002_CreatingLeadTestCase" name="validation" time="0.005">
    <failure type="java.lang.AssertionError" message="null">
      <![CDATA[java.lang.AssertionError: null
at testCases.TCC_002_CreatingLeadTestCase.validation(TCC_002_CreatingLeadTestCase.java:121)
at java.base/java.util.ArrayList.forEach(ArrayList.java:1597)
... Removed 27 stack frames]]>
    </failure>
  </testcase> <!-- validation -->
  <testcase classname="testCases.TCC_002_CreatingLeadTestCase" name="AddSpoc" time="0.007">
    <failure type="java.lang.AssertionError" message="null">
      <![CDATA[java.lang.AssertionError: null
at testCases.TCC_002_CreatingLeadTestCase.AddSpoc(TCC_002_CreatingLeadTestCase.java:143)
at java.base/java.util.ArrayList.forEach(ArrayList.java:1597)
... Removed 27 stack frames]]>
    </failure>
  </testcase> <!-- AddSpoc -->
  <testcase classname="testCases.TCC_002_CreatingLeadTestCase" name="addRequirement" time="0.003">
    <failure type="java.lang.AssertionError" message="null">
      <![CDATA[java.lang.AssertionError: null
at testCases.TCC_002_CreatingLeadTestCase.addRequirement(TCC_002_CreatingLeadTestCase.java:156)
at java.base/java.util.ArrayList.forEach(ArrayList.java:1597)
... Removed 27 stack frames]]>
    </failure>
  </testcase> <!-- addRequirement -->
  <testcase classname="testCases.TCC_002_CreatingLeadTestCase" name="UploadFile" time="0.005">
    <failure type="java.lang.IllegalArgumentException" message="Driver must be set">
      <![CDATA[java.lang.IllegalArgumentException: Driver must be set
at org.openqa.selenium.internal.Require.nonNull(Require.java:61)
at org.openqa.selenium.interactions.Actions.<init>(Actions.java:64)
at org.openqa.selenium.interactions.Actions.<init>(Actions.java:60)
at testCases.TCC_002_CreatingLeadTestCase.UploadFile(TCC_002_CreatingLeadTestCase.java:164)
at java.base/java.util.ArrayList.forEach(ArrayList.java:1597)
... Removed 25 stack frames]]>
    </failure>
  </testcase> <!-- UploadFile -->
  <testcase classname="testCases.TCC_002_CreatingLeadTestCase" name="Logout" time="2.017">
    <failure type="java.lang.NullPointerException" message="Cannot invoke &amp;quot;org.openqa.selenium.SearchContext.findElement(org.openqa.selenium.By)&amp;quot; because &amp;quot;this.searchContext&amp;quot; is null">
      <![CDATA[java.lang.NullPointerException: Cannot invoke "org.openqa.selenium.SearchContext.findElement(org.openqa.selenium.By)" because "this.searchContext" is null
at org.openqa.selenium.support.pagefactory.DefaultElementLocator.findElement(DefaultElementLocator.java:68)
at org.openqa.selenium.support.pagefactory.internal.LocatingElementHandler.invoke(LocatingElementHandler.java:38)
at jdk.proxy2/jdk.proxy2.$Proxy11.click(Unknown Source)
at pageObject.LeadPage.SendToRNC(LeadPage.java:250)
at testCases.TCC_002_CreatingLeadTestCase.Logout(TCC_002_CreatingLeadTestCase.java:194)
at java.base/java.util.ArrayList.forEach(ArrayList.java:1597)
... Removed 25 stack frames]]>
    </failure>
  </testcase> <!-- Logout -->
</testsuite> <!-- Test -->
