<?xml version="1.0" encoding="UTF-8"?>
<testng-results ignored="0" total="4" passed="3" failed="1" skipped="0">
  <reporter-output>
  </reporter-output>
  <suite started-at="2024-12-03T23:40:22 IST" name="Suite" finished-at="2024-12-03T23:40:36 IST" duration-ms="13861">
    <groups>
      <group name="Master">
        <method signature="BaseClass.SetUp(java.lang.String,java.lang.String)[pri:0, instance:testCases.TCC_002_CreatingLeadTestCase@689604d9]" name="SetUp" class="testCases.BaseClass"/>
        <method signature="TCC_002_CreatingLeadTestCase.Collectbot()[pri:3, instance:testCases.TCC_002_CreatingLeadTestCase@689604d9]" name="Collectbot" class="testCases.TCC_002_CreatingLeadTestCase"/>
        <method signature="TCC_002_CreatingLeadTestCase.Login()[pri:1, instance:testCases.TCC_002_CreatingLeadTestCase@689604d9]" name="Login" class="testCases.TCC_002_CreatingLeadTestCase"/>
        <method signature="TCC_002_CreatingLeadTestCase.Logout()[pri:6, instance:testCases.TCC_002_CreatingLeadTestCase@689604d9]" name="Logout" class="testCases.TCC_002_CreatingLeadTestCase"/>
      </group> <!-- Master -->
      <group name="Regression">
        <method signature="BaseClass.SetUp(java.lang.String,java.lang.String)[pri:0, instance:testCases.TCC_002_CreatingLeadTestCase@689604d9]" name="SetUp" class="testCases.BaseClass"/>
        <method signature="TCC_002_CreatingLeadTestCase.Collectbot()[pri:3, instance:testCases.TCC_002_CreatingLeadTestCase@689604d9]" name="Collectbot" class="testCases.TCC_002_CreatingLeadTestCase"/>
        <method signature="TCC_002_CreatingLeadTestCase.Login()[pri:1, instance:testCases.TCC_002_CreatingLeadTestCase@689604d9]" name="Login" class="testCases.TCC_002_CreatingLeadTestCase"/>
        <method signature="TCC_002_CreatingLeadTestCase.Logout()[pri:6, instance:testCases.TCC_002_CreatingLeadTestCase@689604d9]" name="Logout" class="testCases.TCC_002_CreatingLeadTestCase"/>
      </group> <!-- Regression -->
      <group name="Smoke">
        <method signature="BaseClass.SetUp(java.lang.String,java.lang.String)[pri:0, instance:testCases.TCC_002_CreatingLeadTestCase@689604d9]" name="SetUp" class="testCases.BaseClass"/>
        <method signature="TCC_002_CreatingLeadTestCase.Collectbot()[pri:3, instance:testCases.TCC_002_CreatingLeadTestCase@689604d9]" name="Collectbot" class="testCases.TCC_002_CreatingLeadTestCase"/>
        <method signature="TCC_002_CreatingLeadTestCase.Login()[pri:1, instance:testCases.TCC_002_CreatingLeadTestCase@689604d9]" name="Login" class="testCases.TCC_002_CreatingLeadTestCase"/>
        <method signature="TCC_002_CreatingLeadTestCase.Logout()[pri:6, instance:testCases.TCC_002_CreatingLeadTestCase@689604d9]" name="Logout" class="testCases.TCC_002_CreatingLeadTestCase"/>
      </group> <!-- Smoke -->
    </groups>
    <test started-at="2024-12-03T23:40:22 IST" name="ChromeTest" finished-at="2024-12-03T23:40:36 IST" duration-ms="13861">
      <class name="testCases.TCC_002_CreatingLeadTestCase">
        <test-method signature="SetUp(java.lang.String,java.lang.String)[pri:0, instance:testCases.TCC_002_CreatingLeadTestCase@689604d9]" started-at="2024-12-03T23:40:22 IST" name="SetUp" finished-at="2024-12-03T23:40:25 IST" duration-ms="2458" status="PASS">
          <params>
            <param index="0">
              <value>
                <![CDATA[Window]]>
              </value>
            </param>
            <param index="1">
              <value>
                <![CDATA[Chrome]]>
              </value>
            </param>
          </params>
          <reporter-output>
          </reporter-output>
        </test-method> <!-- SetUp -->
        <test-method signature="Login()[pri:1, instance:testCases.TCC_002_CreatingLeadTestCase@689604d9]" started-at="2024-12-03T23:40:25 IST" name="Login" finished-at="2024-12-03T23:40:31 IST" duration-ms="6159" status="PASS">
          <reporter-output>
          </reporter-output>
        </test-method> <!-- Login -->
        <test-method signature="Collectbot()[pri:3, instance:testCases.TCC_002_CreatingLeadTestCase@689604d9]" started-at="2024-12-03T23:40:31 IST" name="Collectbot" finished-at="2024-12-03T23:40:34 IST" duration-ms="2744" status="FAIL">
          <exception class="java.lang.AssertionError">
            <message>
              <![CDATA[expected [5894476750] but found [3883743419]]]>
            </message>
            <full-stacktrace>
              <![CDATA[java.lang.AssertionError: expected [5894476750] but found [3883743419]
at org.testng.Assert.fail(Assert.java:99)
at org.testng.Assert.failNotEquals(Assert.java:1037)
at org.testng.Assert.assertEqualsImpl(Assert.java:140)
at org.testng.Assert.assertEquals(Assert.java:122)
at org.testng.Assert.assertEquals(Assert.java:629)
at org.testng.Assert.assertEquals(Assert.java:639)
at testCases.TCC_002_CreatingLeadTestCase.Collectbot(TCC_002_CreatingLeadTestCase.java:96)
at java.base/jdk.internal.reflect.DirectMethodHandleAccessor.invoke(DirectMethodHandleAccessor.java:103)
at java.base/java.lang.reflect.Method.invoke(Method.java:580)
at org.testng.internal.MethodInvocationHelper.invokeMethod(MethodInvocationHelper.java:133)
at org.testng.internal.TestInvoker.invokeMethod(TestInvoker.java:598)
at org.testng.internal.TestInvoker.invokeTestMethod(TestInvoker.java:173)
at org.testng.internal.MethodRunner.runInSequence(MethodRunner.java:46)
at org.testng.internal.TestInvoker$MethodInvocationAgent.invoke(TestInvoker.java:824)
at org.testng.internal.TestInvoker.invokeTestMethods(TestInvoker.java:146)
at org.testng.internal.TestMethodWorker.invokeTestMethods(TestMethodWorker.java:146)
at org.testng.internal.TestMethodWorker.run(TestMethodWorker.java:128)
at java.base/java.util.ArrayList.forEach(ArrayList.java:1597)
at org.testng.TestRunner.privateRun(TestRunner.java:794)
at org.testng.TestRunner.run(TestRunner.java:596)
at org.testng.SuiteRunner.runTest(SuiteRunner.java:377)
at org.testng.SuiteRunner.runSequentially(SuiteRunner.java:371)
at org.testng.SuiteRunner.privateRun(SuiteRunner.java:332)
at org.testng.SuiteRunner.run(SuiteRunner.java:276)
at org.testng.SuiteRunnerWorker.runSuite(SuiteRunnerWorker.java:53)
at org.testng.SuiteRunnerWorker.run(SuiteRunnerWorker.java:96)
at org.testng.TestNG.runSuitesSequentially(TestNG.java:1212)
at org.testng.TestNG.runSuitesLocally(TestNG.java:1134)
at org.testng.TestNG.runSuites(TestNG.java:1063)
at org.testng.TestNG.run(TestNG.java:1031)
at org.testng.remote.AbstractRemoteTestNG.run(AbstractRemoteTestNG.java:115)
at org.testng.remote.RemoteTestNG.initAndRun(RemoteTestNG.java:293)
at org.testng.remote.RemoteTestNG.main(RemoteTestNG.java:91)
]]>
            </full-stacktrace>
          </exception> <!-- java.lang.AssertionError -->
          <reporter-output>
          </reporter-output>
        </test-method> <!-- Collectbot -->
        <test-method signature="Logout()[pri:6, instance:testCases.TCC_002_CreatingLeadTestCase@689604d9]" started-at="2024-12-03T23:40:34 IST" name="Logout" finished-at="2024-12-03T23:40:36 IST" duration-ms="2450" status="PASS">
          <reporter-output>
          </reporter-output>
        </test-method> <!-- Logout -->
      </class> <!-- testCases.TCC_002_CreatingLeadTestCase -->
    </test> <!-- ChromeTest -->
  </suite> <!-- Suite -->
</testng-results>
