<?xml version="1.0" encoding="UTF-8"?>
<!-- Generated by org.testng.reporters.JUnitXMLReporter -->
<testsuite ignored="0" hostname="Murali-PC" failures="1" tests="4" name="ChromeTest" time="39.636" errors="0" timestamp="2024-12-04T14:56:11 IST">
  <testcase classname="testCases.BaseClass" name="SetUp" time="2.597"/>
  <testcase classname="testCases.TCC_002_CreatingLeadTestCase" name="Login" time="3.631"/>
  <testcase classname="testCases.TCC_002_CreatingLeadTestCase" name="Profilex" time="30.95">
    <failure type="java.lang.AssertionError" message="null">
      <![CDATA[java.lang.AssertionError: null
at testCases.TCC_002_CreatingLeadTestCase.Profilex(TCC_002_CreatingLeadTestCase.java:206)
at java.base/java.util.ArrayList.forEach(ArrayList.java:1597)
... Removed 27 stack frames]]>
    </failure>
  </testcase> <!-- Profilex -->
  <testcase classname="testCases.TCC_002_CreatingLeadTestCase" name="Logout" time="2.405"/>
</testsuite> <!-- ChromeTest -->
